2025-12-02 20:50:41 INFO Fernando:utils: Completando con los datos de usuario
2025-12-02 20:50:41 INFO Fernando:utils: verficando redireccionamiento dentro de la pagina
2025-12-02 20:50:41 INFO Fernando:utils: test de login completado
2025-12-02 20:50:46 INFO Fernando:utils: Completando con los datos de usuario
2025-12-02 20:50:46 INFO Fernando:utils: Test de login fallido completado con exito
2025-12-02 20:51:06 INFO Fernando:utils: Agregando primer producto al carrito
2025-12-02 20:51:06 INFO Fernando:utils: Abriendo carrito de compras
2025-12-02 20:51:06 INFO Fernando:utils: Validando producto en el carrito
2025-12-02 20:51:06 INFO Fernando:utils: Cerrando driver en test_cart
2025-12-02 20:51:28 INFO Fernando:utils: Realizando test de carrito con el producto: Sauce Labs Backpack
2025-12-02 20:51:28 INFO Fernando:utils: Agregando producto: Sauce Labs Backpack
2025-12-02 20:51:28 INFO Fernando:utils: Abriendo carrito de compras
2025-12-02 20:51:29 INFO Fernando:utils: Validando producto en el carrito: Sauce Labs Backpack
2025-12-02 20:51:29 INFO Fernando:utils: Cerrando driver en test_cart_json
2025-12-02 20:51:50 INFO Fernando:utils: Realizando test de carrito con el producto: Sauce Labs Bike Light
2025-12-02 20:51:50 INFO Fernando:utils: Agregando producto: Sauce Labs Bike Light
2025-12-02 20:51:50 INFO Fernando:utils: Abriendo carrito de compras
2025-12-02 20:51:51 INFO Fernando:utils: Validando producto en el carrito: Sauce Labs Bike Light
2025-12-02 20:51:51 INFO Fernando:utils: Cerrando driver en test_cart_json
2025-12-02 20:52:13 INFO Fernando:utils: Realizando test de carrito con el producto: Sauce Labs Bolt T-Shirt
2025-12-02 20:52:13 INFO Fernando:utils: Agregando producto: Sauce Labs Bolt T-Shirt
2025-12-02 20:52:13 INFO Fernando:utils: Abriendo carrito de compras
2025-12-02 20:52:14 INFO Fernando:utils: Validando producto en el carrito: Sauce Labs Bolt T-Shirt
2025-12-02 20:52:14 INFO Fernando:utils: Cerrando driver en test_cart_json
2025-12-02 20:52:32 INFO Fernando:utils: Relizando la solitud GET a https://reqres.in/api/users 
2025-12-02 20:52:33 INFO Fernando:utils: Status code: 200
2025-12-02 20:52:33 INFO Fernando:utils: Validando el id dentro del usuario
2025-12-02 20:52:34 INFO Fernando:utils: Realizando la solicitud POST para crear un usuario
2025-12-02 20:52:34 INFO Fernando:utils: Usuario creado correctamente
2025-12-02 20:52:34 INFO Fernando:utils: Realizando la solicitud DELETE para eliminar un usuario
2025-12-02 20:52:34 INFO Fernando:utils: Usuario eliminado correctamente
